#
# There is insufficient memory for the Java Runtime Environment to continue.
# Native memory allocation (malloc) failed to allocate 765792 bytes for Chunk::new
# Possible reasons:
#   The system is out of physical RAM or swap space
#   The process is running with CompressedOops enabled, and the Java Heap may be blocking the growth of the native heap
# Possible solutions:
#   Reduce memory load on the system
#   Increase physical memory or swap space
#   Check if swap backing store is full
#   Decrease Java heap size (-Xmx/-Xms)
#   Decrease number of Java threads
#   Decrease Java thread stack sizes (-Xss)
#   Set larger code cache with -XX:ReservedCodeCacheSize=
#   JVM is running with Unscaled Compressed Oops mode in which the Java heap is
#     placed in the first 4GB address space. The Java Heap base address is the
#     maximum limit for the native heap growth. Please use -XX:HeapBaseMinAddress
#     to set the Java Heap base and to place the Java Heap above 4GB virtual address.
# This output file may be truncated or incomplete.
#
#  Out of Memory Error (arena.cpp:189), pid=70216, tid=48820
#
# JRE version: OpenJDK Runtime Environment Temurin-17.0.7+7 (17.0.7+7) (build 17.0.7+7)
# Java VM: OpenJDK 64-Bit Server VM Temurin-17.0.7+7 (17.0.7+7, mixed mode, tiered, compressed oops, compressed class ptrs, parallel gc, windows-amd64)
# No core dump will be written. Minidumps are not enabled by default on client versions of Windows
#

---------------  S U M M A R Y ------------

Command Line: --add-modules=ALL-SYSTEM --add-opens=java.base/java.util=ALL-UNNAMED --add-opens=java.base/java.lang=ALL-UNNAMED --add-opens=java.base/sun.nio.fs=ALL-UNNAMED -Declipse.application=org.eclipse.jdt.ls.core.id1 -Dosgi.bundles.defaultStartLevel=4 -Declipse.product=org.eclipse.jdt.ls.core.product -Djava.import.generatesMetadataFilesAtProjectRoot=false -Dfile.encoding=utf8 -XX:+UseParallelGC -XX:GCTimeRatio=4 -XX:AdaptiveSizePolicyWeight=90 -Dsun.zip.disableMemoryMapping=true -Xmx1G -Xms100m -Xlog:disable -javaagent:c:\Users\bding\.vscode\extensions\redhat.java-1.21.0-win32-x64\lombok\lombok-1.18.28.jar -XX:+HeapDumpOnOutOfMemoryError -XX:HeapDumpPath=c:\Users\bding\AppData\Roaming\Code\User\workspaceStorage\e7d37c501ec2c077049f5ef0811e0ada\redhat.java -Daether.dependencyCollector.impl=bf c:\Users\bding\.vscode\extensions\redhat.java-1.21.0-win32-x64\server\plugins\org.eclipse.equinox.launcher_1.6.500.v20230717-2134.jar -configuration c:\Users\bding\AppData\Roaming\Code\User\globalStorage\redhat.java\1.21.0\config_win -data c:\Users\bding\AppData\Roaming\Code\User\workspaceStorage\e7d37c501ec2c077049f5ef0811e0ada\redhat.java\jdt_ws

Host: Intel(R) Xeon(R) Gold 6242R CPU @ 3.10GHz, 4 cores, 7G,  Windows 10 , 64 bit Build 19041 (10.0.19041.3155)
Time: Wed Aug  9 15:22:08 2023 Pacific Daylight Time elapsed time: 15.248479 seconds (0d 0h 0m 15s)

---------------  T H R E A D  ---------------

Current thread (0x000002767a796140):  JavaThread "C2 CompilerThread0" daemon [_thread_in_native, id=48820, stack(0x000000ebcfb00000,0x000000ebcfc00000)]


Current CompileTask:
C2:  15248 6454   !   4       org.eclipse.osgi.internal.loader.BundleLoader::findRequiredSource (283 bytes)

Stack: [0x000000ebcfb00000,0x000000ebcfc00000]
Native frames: (J=compiled Java code, j=interpreted, Vv=VM code, C=native code)
V  [jvm.dll+0x67754a]
V  [jvm.dll+0x834304]
V  [jvm.dll+0x835aae]
V  [jvm.dll+0x836113]
V  [jvm.dll+0x24696f]
V  [jvm.dll+0xac0ac]
V  [jvm.dll+0xac67c]
V  [jvm.dll+0x364e37]
V  [jvm.dll+0x1bcc02]
V  [jvm.dll+0x219799]
V  [jvm.dll+0x218a61]
V  [jvm.dll+0x1a4d8d]
V  [jvm.dll+0x2284da]
V  [jvm.dll+0x226615]
V  [jvm.dll+0x7ea90b]
V  [jvm.dll+0x7e4e7a]
V  [jvm.dll+0x676395]
C  [ucrtbase.dll+0x21bb2]
C  [KERNEL32.DLL+0x17614]
C  [ntdll.dll+0x526b1]


---------------  P R O C E S S  ---------------

Threads class SMR info:
_java_thread_list=0x000002760f72eae0, length=32, elements={
0x000002767009c540, 0x000002767a771690, 0x000002767a7732c0, 0x00000276756f2260,
0x00000276756f2e10, 0x00000276756f6a50, 0x00000276756f82b0, 0x000002767a796140,
0x000002767a79aa50, 0x000002767a79fbf0, 0x0000027670101b30, 0x000002767aa5f2a0,
0x000002767b5b8420, 0x000002767b5f0920, 0x000002767b5f48b0, 0x000002767b5f1600,
0x000002767b41a070, 0x000002767b413a80, 0x000002767afb9890, 0x000002767afb93c0,
0x000002767afba230, 0x000002767afbba40, 0x000002767afb9d60, 0x000002767afbb0a0,
0x000002767afba700, 0x000002767afbb570, 0x000002767afbabd0, 0x000002767afbc3e0,
0x000002767afb8a20, 0x000002767afb8ef0, 0x000002767cb53ef0, 0x000002767cb55230
}

Java Threads: ( => current thread )
  0x000002767009c540 JavaThread "main" [_thread_blocked, id=39744, stack(0x000000ebcf200000,0x000000ebcf300000)]
  0x000002767a771690 JavaThread "Reference Handler" daemon [_thread_blocked, id=76672, stack(0x000000ebcf500000,0x000000ebcf600000)]
  0x000002767a7732c0 JavaThread "Finalizer" daemon [_thread_blocked, id=70500, stack(0x000000ebcf600000,0x000000ebcf700000)]
  0x00000276756f2260 JavaThread "Signal Dispatcher" daemon [_thread_blocked, id=15624, stack(0x000000ebcf700000,0x000000ebcf800000)]
  0x00000276756f2e10 JavaThread "Attach Listener" daemon [_thread_blocked, id=5684, stack(0x000000ebcf800000,0x000000ebcf900000)]
  0x00000276756f6a50 JavaThread "Service Thread" daemon [_thread_blocked, id=17404, stack(0x000000ebcf900000,0x000000ebcfa00000)]
  0x00000276756f82b0 JavaThread "Monitor Deflation Thread" daemon [_thread_blocked, id=28276, stack(0x000000ebcfa00000,0x000000ebcfb00000)]
=>0x000002767a796140 JavaThread "C2 CompilerThread0" daemon [_thread_in_native, id=48820, stack(0x000000ebcfb00000,0x000000ebcfc00000)]
  0x000002767a79aa50 JavaThread "C1 CompilerThread0" daemon [_thread_blocked, id=6692, stack(0x000000ebcfc00000,0x000000ebcfd00000)]
  0x000002767a79fbf0 JavaThread "Sweeper thread" daemon [_thread_blocked, id=18176, stack(0x000000ebcfd00000,0x000000ebcfe00000)]
  0x0000027670101b30 JavaThread "Common-Cleaner" daemon [_thread_blocked, id=38520, stack(0x000000ebcfe00000,0x000000ebcff00000)]
  0x000002767aa5f2a0 JavaThread "Notification Thread" daemon [_thread_blocked, id=37592, stack(0x000000ebcff00000,0x000000ebd0000000)]
  0x000002767b5b8420 JavaThread "Active Thread: Equinox Container: c9d336db-d0b5-462b-bea2-86c0ddf4884b" [_thread_blocked, id=63188, stack(0x000000ebd0500000,0x000000ebd0600000)]
  0x000002767b5f0920 JavaThread "Framework Event Dispatcher: Equinox Container: c9d336db-d0b5-462b-bea2-86c0ddf4884b" daemon [_thread_blocked, id=60204, stack(0x000000ebd0400000,0x000000ebd0500000)]
  0x000002767b5f48b0 JavaThread "Start Level: Equinox Container: c9d336db-d0b5-462b-bea2-86c0ddf4884b" daemon [_thread_blocked, id=69108, stack(0x000000ebd0600000,0x000000ebd0700000)]
  0x000002767b5f1600 JavaThread "SCR Component Actor" daemon [_thread_blocked, id=64072, stack(0x000000ebd0700000,0x000000ebd0800000)]
  0x000002767b41a070 JavaThread "Bundle File Closer" daemon [_thread_blocked, id=6840, stack(0x000000ebd0a00000,0x000000ebd0b00000)]
  0x000002767b413a80 JavaThread "Worker-JM" [_thread_blocked, id=30356, stack(0x000000ebd0900000,0x000000ebd0a00000)]
  0x000002767afb9890 JavaThread "Worker-0" [_thread_blocked, id=47904, stack(0x000000ebd0b00000,0x000000ebd0c00000)]
  0x000002767afb93c0 JavaThread "Worker-1" [_thread_blocked, id=31528, stack(0x000000ebd0c00000,0x000000ebd0d00000)]
  0x000002767afba230 JavaThread "Worker-2" [_thread_blocked, id=79792, stack(0x000000ebd0d00000,0x000000ebd0e00000)]
  0x000002767afbba40 JavaThread "Java indexing" daemon [_thread_blocked, id=33344, stack(0x000000ebd0f00000,0x000000ebd1000000)]
  0x000002767afb9d60 JavaThread "Worker-3: Initialize Workspace" [_thread_in_native, id=18160, stack(0x000000ebd1000000,0x000000ebd1100000)]
  0x000002767afbb0a0 JavaThread "Worker-4" [_thread_blocked, id=53168, stack(0x000000ebd0e00000,0x000000ebd0f00000)]
  0x000002767afba700 JavaThread "Worker-5" [_thread_blocked, id=71048, stack(0x000000ebd1100000,0x000000ebd1200000)]
  0x000002767afbb570 JavaThread "Worker-6" [_thread_blocked, id=69708, stack(0x000000ebd1300000,0x000000ebd1400000)]
  0x000002767afbabd0 JavaThread "JNA Cleaner" daemon [_thread_blocked, id=81516, stack(0x000000ebd1200000,0x000000ebd1300000)]
  0x000002767afbc3e0 JavaThread "Worker-7" [_thread_blocked, id=67452, stack(0x000000ebd1700000,0x000000ebd1800000)]
  0x000002767afb8a20 JavaThread "pool-2-thread-1" [_thread_blocked, id=80088, stack(0x000000ebd1800000,0x000000ebd1900000)]
  0x000002767afb8ef0 JavaThread "WorkspaceEventsHandler" [_thread_blocked, id=43028, stack(0x000000ebd1900000,0x000000ebd1a00000)]
  0x000002767cb53ef0 JavaThread "pool-1-thread-1" [_thread_blocked, id=24668, stack(0x000000ebd1a00000,0x000000ebd1b00000)]
  0x000002767cb55230 JavaThread "Keep-Alive-Timer" daemon [_thread_blocked, id=64464, stack(0x000000ebd1c00000,0x000000ebd1d00000)]

Other Threads:
  0x00000276755f2290 VMThread "VM Thread" [stack: 0x000000ebcf400000,0x000000ebcf500000] [id=18956]
  0x000002767aa5e4b0 WatcherThread [stack: 0x000000ebd0000000,0x000000ebd0100000] [id=42080]
  0x00000276700b2fb0 GCTaskThread "GC Thread#0" [stack: 0x000000ebcf300000,0x000000ebcf400000] [id=27356]
  0x000002767b023ea0 GCTaskThread "GC Thread#1" [stack: 0x000000ebd0100000,0x000000ebd0200000] [id=46008]
  0x000002767b230760 GCTaskThread "GC Thread#2" [stack: 0x000000ebd0200000,0x000000ebd0300000] [id=39640]
  0x000002767ac9f0c0 GCTaskThread "GC Thread#3" [stack: 0x000000ebd0300000,0x000000ebd0400000] [id=33320]

Threads with active compile tasks:
C2 CompilerThread0    15273 6454   !   4       org.eclipse.osgi.internal.loader.BundleLoader::findRequiredSource (283 bytes)

VM state: not at safepoint (normal execution)

VM Mutex/Monitor currently owned by a thread: None

Heap address: 0x00000000c0000000, size: 1024 MB, Compressed Oops mode: 32-bit

CDS archive(s) not mapped
Compressed class space mapped at: 0x0000000100000000-0x0000000140000000, reserved size: 1073741824
Narrow klass base: 0x0000000000000000, Narrow klass shift: 3, Narrow klass range: 0x140000000

GC Precious Log:
 CPUs: 4 total, 4 available
 Memory: 8191M
 Large Page Support: Disabled
 NUMA Support: Disabled
 Compressed Oops: Enabled (32-bit)
 Alignments: Space 512K, Generation 512K, Heap 2M
 Heap Min Capacity: 100M
 Heap Initial Capacity: 100M
 Heap Max Capacity: 1G
 Pre-touch: Disabled
 Parallel Workers: 4

Heap:
 PSYoungGen      total 22016K, used 6992K [0x00000000eab00000, 0x00000000ec280000, 0x0000000100000000)
  eden space 20992K, 29% used [0x00000000eab00000,0x00000000eb126138,0x00000000ebf80000)
  from space 1024K, 67% used [0x00000000ec180000,0x00000000ec22e0a8,0x00000000ec280000)
  to   space 1024K, 0% used [0x00000000ec080000,0x00000000ec080000,0x00000000ec180000)
 ParOldGen       total 68608K, used 33800K [0x00000000c0000000, 0x00000000c4300000, 0x00000000eab00000)
  object space 68608K, 49% used [0x00000000c0000000,0x00000000c21021f0,0x00000000c4300000)
 Metaspace       used 56621K, committed 57536K, reserved 1114112K
  class space    used 6251K, committed 6656K, reserved 1048576K

Card table byte_map: [0x0000027672f90000,0x00000276731a0000] _byte_map_base: 0x0000027672990000

Marking Bits: (ParMarkBitMap*) 0x00007fffaeb252c0
 Begin Bits: [0x0000027673300000, 0x0000027674300000)
 End Bits:   [0x0000027674300000, 0x0000027675300000)

Polling page: 0x0000027670110000

Metaspace:

Usage:
  Non-class:     49.19 MB used.
      Class:      6.11 MB used.
       Both:     55.29 MB used.

Virtual space:
  Non-class space:       64.00 MB reserved,      49.69 MB ( 78%) committed,  1 nodes.
      Class space:        1.00 GB reserved,       6.50 MB ( <1%) committed,  1 nodes.
             Both:        1.06 GB reserved,      56.19 MB (  5%) committed. 

Chunk freelists:
   Non-Class:  14.31 MB
       Class:  9.39 MB
        Both:  23.70 MB

MaxMetaspaceSize: unlimited
CompressedClassSpaceSize: 1.00 GB
Initial GC threshold: 21.00 MB
Current GC threshold: 58.38 MB
CDS: off
MetaspaceReclaimPolicy: balanced
 - commit_granule_bytes: 65536.
 - commit_granule_words: 8192.
 - virtual_space_node_default_size: 8388608.
 - enlarge_chunks_in_place: 1.
 - new_chunks_are_fully_committed: 0.
 - uncommit_free_chunks: 1.
 - use_allocation_guard: 0.
 - handle_deallocations: 1.


Internal statistics:

num_allocs_failed_limit: 6.
num_arena_births: 442.
num_arena_deaths: 14.
num_vsnodes_births: 2.
num_vsnodes_deaths: 0.
num_space_committed: 899.
num_space_uncommitted: 0.
num_chunks_returned_to_freelist: 20.
num_chunks_taken_from_freelist: 2394.
num_chunk_merges: 10.
num_chunk_splits: 1522.
num_chunks_enlarged: 934.
num_inconsistent_stats: 0.

CodeHeap 'non-profiled nmethods': size=120000Kb used=3034Kb max_used=3034Kb free=116965Kb
 bounds [0x0000027607ad0000, 0x0000027607dd0000, 0x000002760f000000]
CodeHeap 'profiled nmethods': size=120000Kb used=11536Kb max_used=11536Kb free=108463Kb
 bounds [0x0000027600000000, 0x0000027600b50000, 0x0000027607530000]
CodeHeap 'non-nmethods': size=5760Kb used=1349Kb max_used=1389Kb free=4410Kb
 bounds [0x0000027607530000, 0x00000276077a0000, 0x0000027607ad0000]
 total_blobs=6341 nmethods=5666 adapters=589
 compilation: enabled
              stopped_count=0, restarted_count=0
 full_count=0

Compilation events (20 events):
Event: 15.152 Thread 0x000002767a79aa50 6459       3       java.util.stream.Collectors$$Lambda$5/0x000000010003b520::get (8 bytes)
Event: 15.152 Thread 0x000002767a79aa50 nmethod 6459 0x0000027600b42310 code [0x0000027600b424e0, 0x0000027600b42958]
Event: 15.156 Thread 0x000002767a796140 nmethod 6453 0x0000027607dc1890 code [0x0000027607dc1ac0, 0x0000027607dc51d8]
Event: 15.157 Thread 0x000002767a796140 6454   !   4       org.eclipse.osgi.internal.loader.BundleLoader::findRequiredSource (283 bytes)
Event: 15.175 Thread 0x000002767a79aa50 6460       3       java.util.concurrent.ConcurrentHashMap::values (25 bytes)
Event: 15.175 Thread 0x000002767a79aa50 nmethod 6460 0x0000027600b42b10 code [0x0000027600b42cc0, 0x0000027600b42fd8]
Event: 15.175 Thread 0x000002767a79aa50 6461       3       java.util.concurrent.ConcurrentHashMap$ValuesView::iterator (34 bytes)
Event: 15.175 Thread 0x000002767a79aa50 nmethod 6461 0x0000027600b43110 code [0x0000027600b432c0, 0x0000027600b434e8]
Event: 15.175 Thread 0x000002767a79aa50 6462       3       java.util.concurrent.ConcurrentHashMap$ValueIterator::<init> (12 bytes)
Event: 15.175 Thread 0x000002767a79aa50 nmethod 6462 0x0000027600b43610 code [0x0000027600b437a0, 0x0000027600b438e8]
Event: 15.183 Thread 0x000002767a79aa50 6463       3       org.eclipse.osgi.internal.loader.BundleLoader::findLocalResource (9 bytes)
Event: 15.183 Thread 0x000002767a79aa50 nmethod 6463 0x0000027600b43990 code [0x0000027600b43b40, 0x0000027600b43e58]
Event: 15.184 Thread 0x000002767a79aa50 6464       3       org.eclipse.jdt.ls.core.internal.handlers.InitHandler$1::belongsTo (87 bytes)
Event: 15.185 Thread 0x000002767a79aa50 nmethod 6464 0x0000027600b43f90 code [0x0000027600b441e0, 0x0000027600b44cb8]
Event: 15.190 Thread 0x000002767a79aa50 6465       3       org.eclipse.osgi.internal.loader.classpath.ClasspathManager::findLocalResourceImpl (174 bytes)
Event: 15.191 Thread 0x000002767a79aa50 nmethod 6465 0x0000027600b44f90 code [0x0000027600b451e0, 0x0000027600b45d48]
Event: 15.191 Thread 0x000002767a79aa50 6466       3       jdk.internal.jimage.ImageLocation::verify (218 bytes)
Event: 15.191 Thread 0x000002767a79aa50 nmethod 6466 0x0000027600b46190 code [0x0000027600b46440, 0x0000027600b47198]
Event: 15.195 Thread 0x000002767a79aa50 6467       3       org.eclipse.jdt.ls.core.internal.JobHelpers$InitializeJobMatcher::matches (7 bytes)
Event: 15.195 Thread 0x000002767a79aa50 nmethod 6467 0x0000027600b47710 code [0x0000027600b478c0, 0x0000027600b47aa8]

GC Heap History (20 events):
Event: 8.267 GC heap before
{Heap before GC invocations=15 (full 2):
 PSYoungGen      total 23040K, used 23040K [0x00000000eab00000, 0x00000000ec580000, 0x0000000100000000)
  eden space 22016K, 100% used [0x00000000eab00000,0x00000000ec080000,0x00000000ec080000)
  from space 1024K, 100% used [0x00000000ec480000,0x00000000ec580000,0x00000000ec580000)
  to   space 2560K, 0% used [0x00000000ec080000,0x00000000ec080000,0x00000000ec300000)
 ParOldGen       total 68608K, used 14731K [0x00000000c0000000, 0x00000000c4300000, 0x00000000eab00000)
  object space 68608K, 21% used [0x00000000c0000000,0x00000000c0e62d50,0x00000000c4300000)
 Metaspace       used 45913K, committed 46784K, reserved 1114112K
  class space    used 4939K, committed 5312K, reserved 1048576K
}
Event: 8.270 GC heap after
{Heap after GC invocations=15 (full 2):
 PSYoungGen      total 24576K, used 1712K [0x00000000eab00000, 0x00000000ec500000, 0x0000000100000000)
  eden space 22016K, 0% used [0x00000000eab00000,0x00000000eab00000,0x00000000ec080000)
  from space 2560K, 66% used [0x00000000ec080000,0x00000000ec22c010,0x00000000ec300000)
  to   space 2048K, 0% used [0x00000000ec300000,0x00000000ec300000,0x00000000ec500000)
 ParOldGen       total 68608K, used 15714K [0x00000000c0000000, 0x00000000c4300000, 0x00000000eab00000)
  object space 68608K, 22% used [0x00000000c0000000,0x00000000c0f58a50,0x00000000c4300000)
 Metaspace       used 45913K, committed 46784K, reserved 1114112K
  class space    used 4939K, committed 5312K, reserved 1048576K
}
Event: 8.409 GC heap before
{Heap before GC invocations=16 (full 2):
 PSYoungGen      total 24576K, used 23728K [0x00000000eab00000, 0x00000000ec500000, 0x0000000100000000)
  eden space 22016K, 100% used [0x00000000eab00000,0x00000000ec080000,0x00000000ec080000)
  from space 2560K, 66% used [0x00000000ec080000,0x00000000ec22c010,0x00000000ec300000)
  to   space 2048K, 0% used [0x00000000ec300000,0x00000000ec300000,0x00000000ec500000)
 ParOldGen       total 68608K, used 15714K [0x00000000c0000000, 0x00000000c4300000, 0x00000000eab00000)
  object space 68608K, 22% used [0x00000000c0000000,0x00000000c0f58a50,0x00000000c4300000)
 Metaspace       used 47247K, committed 48192K, reserved 1114112K
  class space    used 5110K, committed 5504K, reserved 1048576K
}
Event: 8.414 GC heap after
{Heap after GC invocations=16 (full 2):
 PSYoungGen      total 24064K, used 1824K [0x00000000eab00000, 0x00000000ec500000, 0x0000000100000000)
  eden space 22016K, 0% used [0x00000000eab00000,0x00000000eab00000,0x00000000ec080000)
  from space 2048K, 89% used [0x00000000ec300000,0x00000000ec4c8020,0x00000000ec500000)
  to   space 2048K, 0% used [0x00000000ec100000,0x00000000ec100000,0x00000000ec300000)
 ParOldGen       total 68608K, used 17340K [0x00000000c0000000, 0x00000000c4300000, 0x00000000eab00000)
  object space 68608K, 25% used [0x00000000c0000000,0x00000000c10ef0a8,0x00000000c4300000)
 Metaspace       used 47247K, committed 48192K, reserved 1114112K
  class space    used 5110K, committed 5504K, reserved 1048576K
}
Event: 8.500 GC heap before
{Heap before GC invocations=17 (full 2):
 PSYoungGen      total 24064K, used 23840K [0x00000000eab00000, 0x00000000ec500000, 0x0000000100000000)
  eden space 22016K, 100% used [0x00000000eab00000,0x00000000ec080000,0x00000000ec080000)
  from space 2048K, 89% used [0x00000000ec300000,0x00000000ec4c8020,0x00000000ec500000)
  to   space 2048K, 0% used [0x00000000ec100000,0x00000000ec100000,0x00000000ec300000)
 ParOldGen       total 68608K, used 17340K [0x00000000c0000000, 0x00000000c4300000, 0x00000000eab00000)
  object space 68608K, 25% used [0x00000000c0000000,0x00000000c10ef0a8,0x00000000c4300000)
 Metaspace       used 47525K, committed 48448K, reserved 1114112K
  class space    used 5133K, committed 5568K, reserved 1048576K
}
Event: 8.503 GC heap after
{Heap after GC invocations=17 (full 2):
 PSYoungGen      total 24064K, used 2048K [0x00000000eab00000, 0x00000000ec980000, 0x0000000100000000)
  eden space 22016K, 0% used [0x00000000eab00000,0x00000000eab00000,0x00000000ec080000)
  from space 2048K, 100% used [0x00000000ec100000,0x00000000ec300000,0x00000000ec300000)
  to   space 4608K, 0% used [0x00000000ec500000,0x00000000ec500000,0x00000000ec980000)
 ParOldGen       total 68608K, used 19124K [0x00000000c0000000, 0x00000000c4300000, 0x00000000eab00000)
  object space 68608K, 27% used [0x00000000c0000000,0x00000000c12ad0c8,0x00000000c4300000)
 Metaspace       used 47525K, committed 48448K, reserved 1114112K
  class space    used 5133K, committed 5568K, reserved 1048576K
}
Event: 8.794 GC heap before
{Heap before GC invocations=18 (full 2):
 PSYoungGen      total 24064K, used 24064K [0x00000000eab00000, 0x00000000ec980000, 0x0000000100000000)
  eden space 22016K, 100% used [0x00000000eab00000,0x00000000ec080000,0x00000000ec080000)
  from space 2048K, 100% used [0x00000000ec100000,0x00000000ec300000,0x00000000ec300000)
  to   space 4608K, 0% used [0x00000000ec500000,0x00000000ec500000,0x00000000ec980000)
 ParOldGen       total 68608K, used 19124K [0x00000000c0000000, 0x00000000c4300000, 0x00000000eab00000)
  object space 68608K, 27% used [0x00000000c0000000,0x00000000c12ad0c8,0x00000000c4300000)
 Metaspace       used 49497K, committed 50368K, reserved 1114112K
  class space    used 5397K, committed 5760K, reserved 1048576K
}
Event: 8.798 GC heap after
{Heap after GC invocations=18 (full 2):
 PSYoungGen      total 25088K, used 2567K [0x00000000eab00000, 0x00000000ec800000, 0x0000000100000000)
  eden space 22016K, 0% used [0x00000000eab00000,0x00000000eab00000,0x00000000ec080000)
  from space 3072K, 83% used [0x00000000ec500000,0x00000000ec781ec8,0x00000000ec800000)
  to   space 3072K, 0% used [0x00000000ec200000,0x00000000ec200000,0x00000000ec500000)
 ParOldGen       total 68608K, used 21132K [0x00000000c0000000, 0x00000000c4300000, 0x00000000eab00000)
  object space 68608K, 30% used [0x00000000c0000000,0x00000000c14a30e8,0x00000000c4300000)
 Metaspace       used 49497K, committed 50368K, reserved 1114112K
  class space    used 5397K, committed 5760K, reserved 1048576K
}
Event: 9.067 GC heap before
{Heap before GC invocations=19 (full 2):
 PSYoungGen      total 25088K, used 24583K [0x00000000eab00000, 0x00000000ec800000, 0x0000000100000000)
  eden space 22016K, 100% used [0x00000000eab00000,0x00000000ec080000,0x00000000ec080000)
  from space 3072K, 83% used [0x00000000ec500000,0x00000000ec781ec8,0x00000000ec800000)
  to   space 3072K, 0% used [0x00000000ec200000,0x00000000ec200000,0x00000000ec500000)
 ParOldGen       total 68608K, used 21132K [0x00000000c0000000, 0x00000000c4300000, 0x00000000eab00000)
  object space 68608K, 30% used [0x00000000c0000000,0x00000000c14a30e8,0x00000000c4300000)
 Metaspace       used 52195K, committed 53120K, reserved 1114112K
  class space    used 5740K, committed 6144K, reserved 1048576K
}
Event: 9.073 GC heap after
{Heap after GC invocations=19 (full 2):
 PSYoungGen      total 24064K, used 1845K [0x00000000eab00000, 0x00000000ec580000, 0x0000000100000000)
  eden space 22016K, 0% used [0x00000000eab00000,0x00000000eab00000,0x00000000ec080000)
  from space 2048K, 90% used [0x00000000ec200000,0x00000000ec3cd668,0x00000000ec400000)
  to   space 1536K, 0% used [0x00000000ec400000,0x00000000ec400000,0x00000000ec580000)
 ParOldGen       total 68608K, used 23631K [0x00000000c0000000, 0x00000000c4300000, 0x00000000eab00000)
  object space 68608K, 34% used [0x00000000c0000000,0x00000000c1713c48,0x00000000c4300000)
 Metaspace       used 52195K, committed 53120K, reserved 1114112K
  class space    used 5740K, committed 6144K, reserved 1048576K
}
Event: 9.111 GC heap before
{Heap before GC invocations=20 (full 2):
 PSYoungGen      total 24064K, used 23861K [0x00000000eab00000, 0x00000000ec580000, 0x0000000100000000)
  eden space 22016K, 100% used [0x00000000eab00000,0x00000000ec080000,0x00000000ec080000)
  from space 2048K, 90% used [0x00000000ec200000,0x00000000ec3cd668,0x00000000ec400000)
  to   space 1536K, 0% used [0x00000000ec400000,0x00000000ec400000,0x00000000ec580000)
 ParOldGen       total 68608K, used 23631K [0x00000000c0000000, 0x00000000c4300000, 0x00000000eab00000)
  object space 68608K, 34% used [0x00000000c0000000,0x00000000c1713c48,0x00000000c4300000)
 Metaspace       used 52503K, committed 53376K, reserved 1114112K
  class space    used 5791K, committed 6144K, reserved 1048576K
}
Event: 9.115 GC heap after
{Heap after GC invocations=20 (full 2):
 PSYoungGen      total 22528K, used 1536K [0x00000000eab00000, 0x00000000ec980000, 0x0000000100000000)
  eden space 20992K, 0% used [0x00000000eab00000,0x00000000eab00000,0x00000000ebf80000)
  from space 1536K, 100% used [0x00000000ec400000,0x00000000ec580000,0x00000000ec580000)
  to   space 4608K, 0% used [0x00000000ebf80000,0x00000000ebf80000,0x00000000ec400000)
 ParOldGen       total 68608K, used 26076K [0x00000000c0000000, 0x00000000c4300000, 0x00000000eab00000)
  object space 68608K, 38% used [0x00000000c0000000,0x00000000c19772e0,0x00000000c4300000)
 Metaspace       used 52503K, committed 53376K, reserved 1114112K
  class space    used 5791K, committed 6144K, reserved 1048576K
}
Event: 9.217 GC heap before
{Heap before GC invocations=21 (full 2):
 PSYoungGen      total 22528K, used 22528K [0x00000000eab00000, 0x00000000ec980000, 0x0000000100000000)
  eden space 20992K, 100% used [0x00000000eab00000,0x00000000ebf80000,0x00000000ebf80000)
  from space 1536K, 100% used [0x00000000ec400000,0x00000000ec580000,0x00000000ec580000)
  to   space 4608K, 0% used [0x00000000ebf80000,0x00000000ebf80000,0x00000000ec400000)
 ParOldGen       total 68608K, used 26076K [0x00000000c0000000, 0x00000000c4300000, 0x00000000eab00000)
  object space 68608K, 38% used [0x00000000c0000000,0x00000000c19772e0,0x00000000c4300000)
 Metaspace       used 52973K, committed 53952K, reserved 1114112K
  class space    used 5838K, committed 6272K, reserved 1048576K
}
Event: 9.223 GC heap after
{Heap after GC invocations=21 (full 2):
 PSYoungGen      total 23552K, used 2528K [0x00000000eab00000, 0x00000000ec580000, 0x0000000100000000)
  eden space 20992K, 0% used [0x00000000eab00000,0x00000000eab00000,0x00000000ebf80000)
  from space 2560K, 98% used [0x00000000ebf80000,0x00000000ec1f8010,0x00000000ec200000)
  to   space 3072K, 0% used [0x00000000ec280000,0x00000000ec280000,0x00000000ec580000)
 ParOldGen       total 68608K, used 27628K [0x00000000c0000000, 0x00000000c4300000, 0x00000000eab00000)
  object space 68608K, 40% used [0x00000000c0000000,0x00000000c1afb2e0,0x00000000c4300000)
 Metaspace       used 52973K, committed 53952K, reserved 1114112K
  class space    used 5838K, committed 6272K, reserved 1048576K
}
Event: 9.288 GC heap before
{Heap before GC invocations=22 (full 2):
 PSYoungGen      total 23552K, used 23520K [0x00000000eab00000, 0x00000000ec580000, 0x0000000100000000)
  eden space 20992K, 100% used [0x00000000eab00000,0x00000000ebf80000,0x00000000ebf80000)
  from space 2560K, 98% used [0x00000000ebf80000,0x00000000ec1f8010,0x00000000ec200000)
  to   space 3072K, 0% used [0x00000000ec280000,0x00000000ec280000,0x00000000ec580000)
 ParOldGen       total 68608K, used 27628K [0x00000000c0000000, 0x00000000c4300000, 0x00000000eab00000)
  object space 68608K, 40% used [0x00000000c0000000,0x00000000c1afb2e0,0x00000000c4300000)
 Metaspace       used 53033K, committed 54016K, reserved 1114112K
  class space    used 5842K, committed 6272K, reserved 1048576K
}
Event: 9.296 GC heap after
{Heap after GC invocations=22 (full 2):
 PSYoungGen      total 24064K, used 2688K [0x00000000eab00000, 0x00000000ec580000, 0x0000000100000000)
  eden space 20992K, 0% used [0x00000000eab00000,0x00000000eab00000,0x00000000ebf80000)
  from space 3072K, 87% used [0x00000000ec280000,0x00000000ec520000,0x00000000ec580000)
  to   space 3072K, 0% used [0x00000000ebf80000,0x00000000ebf80000,0x00000000ec280000)
 ParOldGen       total 68608K, used 30092K [0x00000000c0000000, 0x00000000c4300000, 0x00000000eab00000)
  object space 68608K, 43% used [0x00000000c0000000,0x00000000c1d632f0,0x00000000c4300000)
 Metaspace       used 53033K, committed 54016K, reserved 1114112K
  class space    used 5842K, committed 6272K, reserved 1048576K
}
Event: 12.461 GC heap before
{Heap before GC invocations=23 (full 2):
 PSYoungGen      total 24064K, used 23680K [0x00000000eab00000, 0x00000000ec580000, 0x0000000100000000)
  eden space 20992K, 100% used [0x00000000eab00000,0x00000000ebf80000,0x00000000ebf80000)
  from space 3072K, 87% used [0x00000000ec280000,0x00000000ec520000,0x00000000ec580000)
  to   space 3072K, 0% used [0x00000000ebf80000,0x00000000ebf80000,0x00000000ec280000)
 ParOldGen       total 68608K, used 30092K [0x00000000c0000000, 0x00000000c4300000, 0x00000000eab00000)
  object space 68608K, 43% used [0x00000000c0000000,0x00000000c1d632f0,0x00000000c4300000)
 Metaspace       used 54051K, committed 54976K, reserved 1114112K
  class space    used 5962K, committed 6336K, reserved 1048576K
}
Event: 12.466 GC heap after
{Heap after GC invocations=23 (full 2):
 PSYoungGen      total 22528K, used 1104K [0x00000000eab00000, 0x00000000ec380000, 0x0000000100000000)
  eden space 20992K, 0% used [0x00000000eab00000,0x00000000eab00000,0x00000000ebf80000)
  from space 1536K, 71% used [0x00000000ebf80000,0x00000000ec094010,0x00000000ec100000)
  to   space 2048K, 0% used [0x00000000ec180000,0x00000000ec180000,0x00000000ec380000)
 ParOldGen       total 68608K, used 32722K [0x00000000c0000000, 0x00000000c4300000, 0x00000000eab00000)
  object space 68608K, 47% used [0x00000000c0000000,0x00000000c1ff4b70,0x00000000c4300000)
 Metaspace       used 54051K, committed 54976K, reserved 1114112K
  class space    used 5962K, committed 6336K, reserved 1048576K
}
Event: 14.169 GC heap before
{Heap before GC invocations=24 (full 2):
 PSYoungGen      total 22528K, used 22096K [0x00000000eab00000, 0x00000000ec380000, 0x0000000100000000)
  eden space 20992K, 100% used [0x00000000eab00000,0x00000000ebf80000,0x00000000ebf80000)
  from space 1536K, 71% used [0x00000000ebf80000,0x00000000ec094010,0x00000000ec100000)
  to   space 2048K, 0% used [0x00000000ec180000,0x00000000ec180000,0x00000000ec380000)
 ParOldGen       total 68608K, used 32722K [0x00000000c0000000, 0x00000000c4300000, 0x00000000eab00000)
  object space 68608K, 47% used [0x00000000c0000000,0x00000000c1ff4b70,0x00000000c4300000)
 Metaspace       used 56321K, committed 57216K, reserved 1114112K
  class space    used 6216K, committed 6592K, reserved 1048576K
}
Event: 14.172 GC heap after
{Heap after GC invocations=24 (full 2):
 PSYoungGen      total 22016K, used 696K [0x00000000eab00000, 0x00000000ec280000, 0x0000000100000000)
  eden space 20992K, 0% used [0x00000000eab00000,0x00000000eab00000,0x00000000ebf80000)
  from space 1024K, 67% used [0x00000000ec180000,0x00000000ec22e0a8,0x00000000ec280000)
  to   space 1024K, 0% used [0x00000000ec080000,0x00000000ec080000,0x00000000ec180000)
 ParOldGen       total 68608K, used 33800K [0x00000000c0000000, 0x00000000c4300000, 0x00000000eab00000)
  object space 68608K, 49% used [0x00000000c0000000,0x00000000c21021f0,0x00000000c4300000)
 Metaspace       used 56321K, committed 57216K, reserved 1114112K
  class space    used 6216K, committed 6592K, reserved 1048576K
}

Dll operation events (11 events):
Event: 0.014 Loaded shared library c:\Users\bding\.vscode\extensions\redhat.java-1.21.0-win32-x64\jre\17.0.7-win32-x86_64\bin\java.dll
Event: 0.259 Loaded shared library c:\Users\bding\.vscode\extensions\redhat.java-1.21.0-win32-x64\jre\17.0.7-win32-x86_64\bin\zip.dll
Event: 0.275 Loaded shared library C:\Users\bding\.vscode\extensions\redhat.java-1.21.0-win32-x64\jre\17.0.7-win32-x86_64\bin\instrument.dll
Event: 0.308 Loaded shared library C:\Users\bding\.vscode\extensions\redhat.java-1.21.0-win32-x64\jre\17.0.7-win32-x86_64\bin\net.dll
Event: 0.327 Loaded shared library C:\Users\bding\.vscode\extensions\redhat.java-1.21.0-win32-x64\jre\17.0.7-win32-x86_64\bin\nio.dll
Event: 0.340 Loaded shared library C:\Users\bding\.vscode\extensions\redhat.java-1.21.0-win32-x64\jre\17.0.7-win32-x86_64\bin\zip.dll
Event: 0.370 Loaded shared library C:\Users\bding\.vscode\extensions\redhat.java-1.21.0-win32-x64\jre\17.0.7-win32-x86_64\bin\jimage.dll
Event: 0.556 Loaded shared library c:\Users\bding\.vscode\extensions\redhat.java-1.21.0-win32-x64\jre\17.0.7-win32-x86_64\bin\verify.dll
Event: 2.720 Loaded shared library C:\Users\bding\AppData\Roaming\Code\User\globalStorage\redhat.java\1.21.0\config_win\org.eclipse.equinox.launcher\org.eclipse.equinox.launcher.win32.win32.x86_64_1.2.700.v20221108-1024\eclipse_11801.dll
Event: 7.004 Loaded shared library C:\Users\bding\AppData\Local\Temp\jna-93588576\jna5642203950257711706.dll
Event: 8.930 Loaded shared library C:\Users\bding\.vscode\extensions\redhat.java-1.21.0-win32-x64\jre\17.0.7-win32-x86_64\bin\sunmscapi.dll

Deoptimization events (20 events):
Event: 15.028 Thread 0x000002767afb9d60 Uncommon trap: trap_request=0xffffffbe fr.pc=0x0000027607dc05e8 relative=0x00000000000005c8
Event: 15.028 Thread 0x000002767afb9d60 Uncommon trap: reason=profile_predicate action=maybe_recompile pc=0x0000027607dc05e8 method=jdk.internal.jimage.ImageStringsReader.stringFromByteBufferMatches(Ljava/nio/ByteBuffer;ILjava/lang/String;I)I @ 19 c2
Event: 15.028 Thread 0x000002767afb9d60 DEOPT PACKING pc=0x0000027607dc05e8 sp=0x000000ebd10f8ac0
Event: 15.028 Thread 0x000002767afb9d60 DEOPT UNPACKING pc=0x0000027607589ea3 sp=0x000000ebd10f8a38 mode 2
Event: 15.028 Thread 0x000002767afb9d60 Uncommon trap: trap_request=0xffffffbe fr.pc=0x0000027607dc05e8 relative=0x00000000000005c8
Event: 15.028 Thread 0x000002767afb9d60 Uncommon trap: reason=profile_predicate action=maybe_recompile pc=0x0000027607dc05e8 method=jdk.internal.jimage.ImageStringsReader.stringFromByteBufferMatches(Ljava/nio/ByteBuffer;ILjava/lang/String;I)I @ 19 c2
Event: 15.028 Thread 0x000002767afb9d60 DEOPT PACKING pc=0x0000027607dc05e8 sp=0x000000ebd10f8ac0
Event: 15.028 Thread 0x000002767afb9d60 DEOPT UNPACKING pc=0x0000027607589ea3 sp=0x000000ebd10f8a38 mode 2
Event: 15.028 Thread 0x000002767afb9d60 Uncommon trap: trap_request=0xffffffbe fr.pc=0x0000027607dc05e8 relative=0x00000000000005c8
Event: 15.028 Thread 0x000002767afb9d60 Uncommon trap: reason=profile_predicate action=maybe_recompile pc=0x0000027607dc05e8 method=jdk.internal.jimage.ImageStringsReader.stringFromByteBufferMatches(Ljava/nio/ByteBuffer;ILjava/lang/String;I)I @ 19 c2
Event: 15.028 Thread 0x000002767afb9d60 DEOPT PACKING pc=0x0000027607dc05e8 sp=0x000000ebd10f8ac0
Event: 15.028 Thread 0x000002767afb9d60 DEOPT UNPACKING pc=0x0000027607589ea3 sp=0x000000ebd10f8a38 mode 2
Event: 15.028 Thread 0x000002767afb9d60 Uncommon trap: trap_request=0xffffffbe fr.pc=0x0000027607dc05e8 relative=0x00000000000005c8
Event: 15.028 Thread 0x000002767afb9d60 Uncommon trap: reason=profile_predicate action=maybe_recompile pc=0x0000027607dc05e8 method=jdk.internal.jimage.ImageStringsReader.stringFromByteBufferMatches(Ljava/nio/ByteBuffer;ILjava/lang/String;I)I @ 19 c2
Event: 15.028 Thread 0x000002767afb9d60 DEOPT PACKING pc=0x0000027607dc05e8 sp=0x000000ebd10f8ac0
Event: 15.028 Thread 0x000002767afb9d60 DEOPT UNPACKING pc=0x0000027607589ea3 sp=0x000000ebd10f8a38 mode 2
Event: 15.190 Thread 0x000002767afb9d60 Uncommon trap: trap_request=0xffffff45 fr.pc=0x0000027607dc4b88 relative=0x00000000000030c8
Event: 15.190 Thread 0x000002767afb9d60 Uncommon trap: reason=unstable_if action=reinterpret pc=0x0000027607dc4b88 method=jdk.internal.jimage.ImageLocation.verifyName(Ljava/lang/String;Ljava/lang/String;IIIIIILjdk/internal/jimage/ImageStrings;)Z @ 27 c2
Event: 15.190 Thread 0x000002767afb9d60 DEOPT PACKING pc=0x0000027607dc4b88 sp=0x000000ebd10f8c50
Event: 15.190 Thread 0x000002767afb9d60 DEOPT UNPACKING pc=0x0000027607589ea3 sp=0x000000ebd10f8b48 mode 2

Classes unloaded (7 events):
Event: 4.207 Thread 0x00000276755f2290 Unloading class 0x0000000100218000 'java/lang/invoke/LambdaForm$MH+0x0000000100218000'
Event: 4.207 Thread 0x00000276755f2290 Unloading class 0x0000000100217c00 'java/lang/invoke/LambdaForm$MH+0x0000000100217c00'
Event: 4.207 Thread 0x00000276755f2290 Unloading class 0x0000000100217800 'java/lang/invoke/LambdaForm$MH+0x0000000100217800'
Event: 4.207 Thread 0x00000276755f2290 Unloading class 0x0000000100217400 'java/lang/invoke/LambdaForm$MH+0x0000000100217400'
Event: 4.207 Thread 0x00000276755f2290 Unloading class 0x0000000100217000 'java/lang/invoke/LambdaForm$BMH+0x0000000100217000'
Event: 4.207 Thread 0x00000276755f2290 Unloading class 0x0000000100216c00 'java/lang/invoke/LambdaForm$DMH+0x0000000100216c00'
Event: 4.207 Thread 0x00000276755f2290 Unloading class 0x0000000100214000 'java/lang/invoke/LambdaForm$DMH+0x0000000100214000'

Classes redefined (0 events):
No events

Internal exceptions (20 events):
Event: 12.490 Thread 0x000002767afb9d60 Exception <a 'sun/nio/fs/WindowsException'{0x00000000eab42c28}> (0x00000000eab42c28) 
thrown [s\src\hotspot\share\prims\jni.cpp, line 516]
Event: 12.493 Thread 0x000002767afb9d60 Exception <a 'sun/nio/fs/WindowsException'{0x00000000eab45e48}> (0x00000000eab45e48) 
thrown [s\src\hotspot\share\prims\jni.cpp, line 516]
Event: 12.494 Thread 0x000002767afb9d60 Exception <a 'sun/nio/fs/WindowsException'{0x00000000eab4cb40}> (0x00000000eab4cb40) 
thrown [s\src\hotspot\share\prims\jni.cpp, line 516]
Event: 12.496 Thread 0x000002767afb9d60 Exception <a 'sun/nio/fs/WindowsException'{0x00000000eab4fd60}> (0x00000000eab4fd60) 
thrown [s\src\hotspot\share\prims\jni.cpp, line 516]
Event: 12.496 Thread 0x000002767afb9d60 Exception <a 'sun/nio/fs/WindowsException'{0x00000000eab53508}> (0x00000000eab53508) 
thrown [s\src\hotspot\share\prims\jni.cpp, line 516]
Event: 12.502 Thread 0x000002767afb9d60 Exception <a 'sun/nio/fs/WindowsException'{0x00000000eab564e8}> (0x00000000eab564e8) 
thrown [s\src\hotspot\share\prims\jni.cpp, line 516]
Event: 12.505 Thread 0x000002767afb9d60 Exception <a 'sun/nio/fs/WindowsException'{0x00000000eab59fa0}> (0x00000000eab59fa0) 
thrown [s\src\hotspot\share\prims\jni.cpp, line 516]
Event: 12.514 Thread 0x000002767afb9d60 Exception <a 'sun/nio/fs/WindowsException'{0x00000000eab5cf68}> (0x00000000eab5cf68) 
thrown [s\src\hotspot\share\prims\jni.cpp, line 516]
Event: 12.520 Thread 0x000002767afb9d60 Exception <a 'sun/nio/fs/WindowsException'{0x00000000eab60198}> (0x00000000eab60198) 
thrown [s\src\hotspot\share\prims\jni.cpp, line 516]
Event: 12.541 Thread 0x000002767afb9d60 Exception <a 'sun/nio/fs/WindowsException'{0x00000000eab63398}> (0x00000000eab63398) 
thrown [s\src\hotspot\share\prims\jni.cpp, line 516]
Event: 12.548 Thread 0x000002767afb9d60 Exception <a 'sun/nio/fs/WindowsException'{0x00000000eab66828}> (0x00000000eab66828) 
thrown [s\src\hotspot\share\prims\jni.cpp, line 516]
Event: 12.550 Thread 0x000002767afb9d60 Exception <a 'sun/nio/fs/WindowsException'{0x00000000eab695f0}> (0x00000000eab695f0) 
thrown [s\src\hotspot\share\prims\jni.cpp, line 516]
Event: 12.588 Thread 0x000002767afb9d60 Exception <a 'sun/nio/fs/WindowsException'{0x00000000eab6c5d8}> (0x00000000eab6c5d8) 
thrown [s\src\hotspot\share\prims\jni.cpp, line 516]
Event: 12.592 Thread 0x000002767afb9d60 Exception <a 'sun/nio/fs/WindowsException'{0x00000000eab705e8}> (0x00000000eab705e8) 
thrown [s\src\hotspot\share\prims\jni.cpp, line 516]
Event: 12.595 Thread 0x000002767afb9d60 Exception <a 'sun/nio/fs/WindowsException'{0x00000000eab738c0}> (0x00000000eab738c0) 
thrown [s\src\hotspot\share\prims\jni.cpp, line 516]
Event: 12.597 Thread 0x000002767afb9d60 Exception <a 'sun/nio/fs/WindowsException'{0x00000000eab76ae0}> (0x00000000eab76ae0) 
thrown [s\src\hotspot\share\prims\jni.cpp, line 516]
Event: 12.601 Thread 0x000002767afb9d60 Exception <a 'sun/nio/fs/WindowsException'{0x00000000eab815a0}> (0x00000000eab815a0) 
thrown [s\src\hotspot\share\prims\jni.cpp, line 516]
Event: 12.605 Thread 0x000002767afb9d60 Exception <a 'sun/nio/fs/WindowsException'{0x00000000eab847e0}> (0x00000000eab847e0) 
thrown [s\src\hotspot\share\prims\jni.cpp, line 516]
Event: 12.609 Thread 0x000002767afb9d60 Exception <a 'sun/nio/fs/WindowsException'{0x00000000eab87c88}> (0x00000000eab87c88) 
thrown [s\src\hotspot\share\prims\jni.cpp, line 516]
Event: 12.614 Thread 0x000002767afb9d60 Exception <a 'sun/nio/fs/WindowsException'{0x00000000eab8d100}> (0x00000000eab8d100) 
thrown [s\src\hotspot\share\prims\jni.cpp, line 516]

VM Operations (20 events):
Event: 9.441 Executing VM operation: HandshakeAllThreads
Event: 9.441 Executing VM operation: HandshakeAllThreads done
Event: 9.535 Executing VM operation: HandshakeAllThreads
Event: 9.535 Executing VM operation: HandshakeAllThreads done
Event: 9.536 Executing VM operation: HandshakeAllThreads
Event: 9.536 Executing VM operation: HandshakeAllThreads done
Event: 9.563 Executing VM operation: HandshakeAllThreads
Event: 9.570 Executing VM operation: HandshakeAllThreads done
Event: 10.570 Executing VM operation: Cleanup
Event: 10.570 Executing VM operation: Cleanup done
Event: 11.571 Executing VM operation: Cleanup
Event: 11.571 Executing VM operation: Cleanup done
Event: 12.461 Executing VM operation: ParallelGCFailedAllocation
Event: 12.466 Executing VM operation: ParallelGCFailedAllocation done
Event: 12.643 Executing VM operation: HandshakeAllThreads
Event: 12.644 Executing VM operation: HandshakeAllThreads done
Event: 13.644 Executing VM operation: Cleanup
Event: 13.644 Executing VM operation: Cleanup done
Event: 14.169 Executing VM operation: ParallelGCFailedAllocation
Event: 14.172 Executing VM operation: ParallelGCFailedAllocation done

Events (20 events):
Event: 9.535 loading class sun/net/www/MeteredStream
Event: 9.535 loading class sun/net/www/MeteredStream done
Event: 9.536 loading class sun/net/www/http/KeepAliveStream done
Event: 9.536 loading class sun/net/www/http/KeepAliveStreamCleaner
Event: 9.536 loading class sun/net/www/http/KeepAliveStreamCleaner done
Event: 9.536 loading class sun/net/www/http/KeepAliveStreamCleaner$1
Event: 9.537 loading class sun/net/www/http/KeepAliveStreamCleaner$1 done
Event: 9.537 loading class sun/net/www/http/KeepAliveStreamCleaner$2
Event: 9.537 loading class sun/net/www/http/KeepAliveStreamCleaner$2 done
Event: 9.537 loading class sun/net/www/protocol/http/HttpURLConnection$HttpInputStream
Event: 9.537 loading class sun/net/www/protocol/http/HttpURLConnection$HttpInputStream done
Event: 9.562 loading class sun/net/www/http/KeepAliveCache$1
Event: 9.562 loading class sun/net/www/http/KeepAliveCache$1 done
Event: 9.562 Thread 0x000002767cb55230 Thread added: 0x000002767cb55230
Event: 9.562 loading class sun/net/www/http/ClientVector
Event: 9.563 loading class sun/net/www/http/ClientVector done
Event: 9.570 loading class sun/net/www/http/KeepAliveEntry
Event: 9.570 loading class sun/net/www/http/KeepAliveEntry done
Event: 9.995 Thread 0x000002767c767c50 Thread exited: 0x000002767c767c50
Event: 10.098 Thread 0x000002767b46a340 Thread exited: 0x000002767b46a340


Dynamic libraries:
0x00007ff610cb0000 - 0x00007ff610cbe000 	c:\Users\bding\.vscode\extensions\redhat.java-1.21.0-win32-x64\jre\17.0.7-win32-x86_64\bin\java.exe
0x00007fffe3f10000 - 0x00007fffe4108000 	C:\WINDOWS\SYSTEM32\ntdll.dll
0x00007fffe3da0000 - 0x00007fffe3e5f000 	C:\WINDOWS\System32\KERNEL32.DLL
0x00007fffe19f0000 - 0x00007fffe1ce6000 	C:\WINDOWS\System32\KERNELBASE.dll
0x0000000070db0000 - 0x0000000070e56000 	C:\WINDOWS\System32\SYSFER.DLL
0x00007fffe1d70000 - 0x00007fffe1e70000 	C:\WINDOWS\System32\ucrtbase.dll
0x00007fffcfa20000 - 0x00007fffcfa39000 	c:\Users\bding\.vscode\extensions\redhat.java-1.21.0-win32-x64\jre\17.0.7-win32-x86_64\bin\VCRUNTIME140.dll
0x00007fffcfa40000 - 0x00007fffcfa57000 	c:\Users\bding\.vscode\extensions\redhat.java-1.21.0-win32-x64\jre\17.0.7-win32-x86_64\bin\jli.dll
0x00007fffe2640000 - 0x00007fffe27dd000 	C:\WINDOWS\System32\USER32.dll
0x00007fffe19c0000 - 0x00007fffe19e2000 	C:\WINDOWS\System32\win32u.dll
0x00007fffcfcc0000 - 0x00007fffcff5a000 	C:\WINDOWS\WinSxS\amd64_microsoft.windows.common-controls_6595b64144ccf1df_6.0.19041.1110_none_60b5254171f9507e\COMCTL32.dll
0x00007fffe2610000 - 0x00007fffe263c000 	C:\WINDOWS\System32\GDI32.dll
0x00007fffe27e0000 - 0x00007fffe287e000 	C:\WINDOWS\System32\msvcrt.dll
0x00007fffe16a0000 - 0x00007fffe17b5000 	C:\WINDOWS\System32\gdi32full.dll
0x00007fffe17c0000 - 0x00007fffe185d000 	C:\WINDOWS\System32\msvcp_win.dll
0x00007fffe24a0000 - 0x00007fffe24d0000 	C:\WINDOWS\System32\IMM32.DLL
0x00007fffe1340000 - 0x00007fffe1379000 	C:\WINDOWS\system32\vmwsci.dll
0x00007fffe3ec0000 - 0x00007fffe3ec8000 	C:\WINDOWS\System32\PSAPI.DLL
0x00007fffd7e20000 - 0x00007fffd7ebe000 	C:\WINDOWS\system32\ftapihook64.dll
0x00007fffe3cf0000 - 0x00007fffe3d9f000 	C:\WINDOWS\System32\ADVAPI32.dll
0x00007fffe22b0000 - 0x00007fffe234c000 	C:\WINDOWS\System32\sechost.dll
0x00007fffe3680000 - 0x00007fffe37a6000 	C:\WINDOWS\System32\RPCRT4.dll
0x00007fffdda10000 - 0x00007fffddaae000 	C:\WINDOWS\system32\uxtheme.dll
0x00007fffe31f0000 - 0x00007fffe3544000 	C:\WINDOWS\System32\combase.dll
0x00007fffd7bc0000 - 0x00007fffd7c4b000 	C:\WINDOWS\system32\ftgenstub.dll
0x00007fffe37b0000 - 0x00007fffe3c1e000 	C:\WINDOWS\System32\setupapi.dll
0x00007fffe1d20000 - 0x00007fffe1d6e000 	C:\WINDOWS\System32\cfgmgr32.dll
0x00007fffe1cf0000 - 0x00007fffe1d17000 	C:\WINDOWS\System32\bcrypt.dll
0x00007fffdc470000 - 0x00007fffdc47c000 	c:\Users\bding\.vscode\extensions\redhat.java-1.21.0-win32-x64\jre\17.0.7-win32-x86_64\bin\vcruntime140_1.dll
0x00007fffc0550000 - 0x00007fffc05e1000 	c:\Users\bding\.vscode\extensions\redhat.java-1.21.0-win32-x64\jre\17.0.7-win32-x86_64\bin\msvcp140.dll
0x00007fffadfa0000 - 0x00007fffaebe8000 	c:\Users\bding\.vscode\extensions\redhat.java-1.21.0-win32-x64\jre\17.0.7-win32-x86_64\bin\server\jvm.dll
0x00007fffcdba0000 - 0x00007fffcdba9000 	C:\WINDOWS\SYSTEM32\WSOCK32.dll
0x00007fffe3c20000 - 0x00007fffe3c8b000 	C:\WINDOWS\System32\WS2_32.dll
0x00007fffd5140000 - 0x00007fffd5167000 	C:\WINDOWS\SYSTEM32\WINMM.dll
0x00007fffe02c0000 - 0x00007fffe02ca000 	C:\WINDOWS\SYSTEM32\VERSION.dll
0x00007fffe0220000 - 0x00007fffe0232000 	C:\WINDOWS\SYSTEM32\kernel.appcore.dll
0x00007fffcec80000 - 0x00007fffcec8a000 	c:\Users\bding\.vscode\extensions\redhat.java-1.21.0-win32-x64\jre\17.0.7-win32-x86_64\bin\jimage.dll
0x00007fffdf510000 - 0x00007fffdf6f4000 	C:\WINDOWS\SYSTEM32\DBGHELP.DLL
0x00007fffd0de0000 - 0x00007fffd0e14000 	C:\WINDOWS\SYSTEM32\dbgcore.DLL
0x00007fffe1ee0000 - 0x00007fffe1f62000 	C:\WINDOWS\System32\bcryptPrimitives.dll
0x00007fffcfa10000 - 0x00007fffcfa1e000 	c:\Users\bding\.vscode\extensions\redhat.java-1.21.0-win32-x64\jre\17.0.7-win32-x86_64\bin\instrument.dll
0x00007fffcf9e0000 - 0x00007fffcfa05000 	c:\Users\bding\.vscode\extensions\redhat.java-1.21.0-win32-x64\jre\17.0.7-win32-x86_64\bin\java.dll
0x00007fffceca0000 - 0x00007fffcecb8000 	c:\Users\bding\.vscode\extensions\redhat.java-1.21.0-win32-x64\jre\17.0.7-win32-x86_64\bin\zip.dll
0x00007fffe2880000 - 0x00007fffe2fc4000 	C:\WINDOWS\System32\SHELL32.dll
0x00007fffdec50000 - 0x00007fffdf3e4000 	C:\WINDOWS\SYSTEM32\windows.storage.dll
0x00007fffe0f20000 - 0x00007fffe0f4e000 	C:\WINDOWS\SYSTEM32\Wldp.dll
0x00007fffe1f70000 - 0x00007fffe201d000 	C:\WINDOWS\System32\SHCORE.dll
0x00007fffe3c90000 - 0x00007fffe3ce5000 	C:\WINDOWS\System32\shlwapi.dll
0x00007fffe1520000 - 0x00007fffe1545000 	C:\WINDOWS\SYSTEM32\profapi.dll
0x00007fffcec60000 - 0x00007fffcec79000 	C:\Users\bding\.vscode\extensions\redhat.java-1.21.0-win32-x64\jre\17.0.7-win32-x86_64\bin\net.dll
0x00007fffd88b0000 - 0x00007fffd89ba000 	C:\WINDOWS\SYSTEM32\WINHTTP.dll
0x00007fffe0c80000 - 0x00007fffe0cea000 	C:\WINDOWS\system32\mswsock.dll
0x00007fffc9d50000 - 0x00007fffc9d65000 	C:\Users\bding\.vscode\extensions\redhat.java-1.21.0-win32-x64\jre\17.0.7-win32-x86_64\bin\nio.dll
0x00007fffcf9d0000 - 0x00007fffcf9e0000 	c:\Users\bding\.vscode\extensions\redhat.java-1.21.0-win32-x64\jre\17.0.7-win32-x86_64\bin\verify.dll
0x00007fffc0d00000 - 0x00007fffc0d3e000 	C:\Users\bding\AppData\Roaming\Code\User\globalStorage\redhat.java\1.21.0\config_win\org.eclipse.equinox.launcher\org.eclipse.equinox.launcher.win32.win32.x86_64_1.2.700.v20221108-1024\eclipse_11801.dll
0x00007fffe2350000 - 0x00007fffe247a000 	C:\WINDOWS\System32\ole32.dll
0x00007fffe0e70000 - 0x00007fffe0e88000 	C:\WINDOWS\SYSTEM32\CRYPTSP.dll
0x00007fffe05a0000 - 0x00007fffe05d4000 	C:\WINDOWS\system32\rsaenh.dll
0x00007fffe14e0000 - 0x00007fffe150e000 	C:\WINDOWS\SYSTEM32\USERENV.dll
0x00007fffe0e90000 - 0x00007fffe0e9c000 	C:\WINDOWS\SYSTEM32\CRYPTBASE.dll
0x00007fffe0970000 - 0x00007fffe09ac000 	C:\WINDOWS\SYSTEM32\IPHLPAPI.DLL
0x00007fffe3670000 - 0x00007fffe3678000 	C:\WINDOWS\System32\NSI.dll
0x00007fffdb380000 - 0x00007fffdb397000 	C:\WINDOWS\SYSTEM32\dhcpcsvc6.DLL
0x00007fffdb360000 - 0x00007fffdb37d000 	C:\WINDOWS\SYSTEM32\dhcpcsvc.DLL
0x00007fffe09b0000 - 0x00007fffe0a7a000 	C:\WINDOWS\SYSTEM32\DNSAPI.dll
0x00007fffbf620000 - 0x00007fffbf665000 	C:\Users\bding\AppData\Local\Temp\jna-93588576\jna5642203950257711706.dll
0x00007fffcec90000 - 0x00007fffcec9e000 	C:\Users\bding\.vscode\extensions\redhat.java-1.21.0-win32-x64\jre\17.0.7-win32-x86_64\bin\sunmscapi.dll
0x00007fffe1860000 - 0x00007fffe19be000 	C:\WINDOWS\System32\CRYPT32.dll
0x00007fffe0f90000 - 0x00007fffe0fb8000 	C:\WINDOWS\SYSTEM32\ncrypt.dll
0x00007fffe0f50000 - 0x00007fffe0f8b000 	C:\WINDOWS\SYSTEM32\NTASN1.dll
0x00007fffda5f0000 - 0x00007fffda5fa000 	C:\Windows\System32\rasadhlp.dll
0x00007fffdbca0000 - 0x00007fffdbd22000 	C:\WINDOWS\System32\fwpuclnt.dll

dbghelp: loaded successfully - version: 4.0.5 - missing functions: none
symbol engine: initialized successfully - sym options: 0x614 - pdb path: .;c:\Users\bding\.vscode\extensions\redhat.java-1.21.0-win32-x64\jre\17.0.7-win32-x86_64\bin;C:\WINDOWS\SYSTEM32;C:\WINDOWS\WinSxS\amd64_microsoft.windows.common-controls_6595b64144ccf1df_6.0.19041.1110_none_60b5254171f9507e;c:\Users\bding\.vscode\extensions\redhat.java-1.21.0-win32-x64\jre\17.0.7-win32-x86_64\bin\server;C:\Users\bding\AppData\Roaming\Code\User\globalStorage\redhat.java\1.21.0\config_win\org.eclipse.equinox.launcher\org.eclipse.equinox.launcher.win32.win32.x86_64_1.2.700.v20221108-1024;C:\Users\bding\AppData\Local\Temp\jna-93588576

VM Arguments:
jvm_args: --add-modules=ALL-SYSTEM --add-opens=java.base/java.util=ALL-UNNAMED --add-opens=java.base/java.lang=ALL-UNNAMED --add-opens=java.base/sun.nio.fs=ALL-UNNAMED -Declipse.application=org.eclipse.jdt.ls.core.id1 -Dosgi.bundles.defaultStartLevel=4 -Declipse.product=org.eclipse.jdt.ls.core.product -Djava.import.generatesMetadataFilesAtProjectRoot=false -Dfile.encoding=utf8 -XX:+UseParallelGC -XX:GCTimeRatio=4 -XX:AdaptiveSizePolicyWeight=90 -Dsun.zip.disableMemoryMapping=true -Xmx1G -Xms100m -Xlog:disable -javaagent:c:\Users\bding\.vscode\extensions\redhat.java-1.21.0-win32-x64\lombok\lombok-1.18.28.jar -XX:+HeapDumpOnOutOfMemoryError -XX:HeapDumpPath=c:\Users\bding\AppData\Roaming\Code\User\workspaceStorage\e7d37c501ec2c077049f5ef0811e0ada\redhat.java -Daether.dependencyCollector.impl=bf 
java_command: c:\Users\bding\.vscode\extensions\redhat.java-1.21.0-win32-x64\server\plugins\org.eclipse.equinox.launcher_1.6.500.v20230717-2134.jar -configuration c:\Users\bding\AppData\Roaming\Code\User\globalStorage\redhat.java\1.21.0\config_win -data c:\Users\bding\AppData\Roaming\Code\User\workspaceStorage\e7d37c501ec2c077049f5ef0811e0ada\redhat.java\jdt_ws
java_class_path (initial): c:\Users\bding\.vscode\extensions\redhat.java-1.21.0-win32-x64\server\plugins\org.eclipse.equinox.launcher_1.6.500.v20230717-2134.jar
Launcher Type: SUN_STANDARD

[Global flags]
    uintx AdaptiveSizePolicyWeight                 = 90                                        {product} {command line}
     intx CICompilerCount                          = 3                                         {product} {ergonomic}
    uintx GCTimeRatio                              = 4                                         {product} {command line}
     bool HeapDumpOnOutOfMemoryError               = true                                   {manageable} {command line}
    ccstr HeapDumpPath                             = c:\Users\bding\AppData\Roaming\Code\User\workspaceStorage\e7d37c501ec2c077049f5ef0811e0ada\redhat.java         {manageable} {command line}
   size_t InitialHeapSize                          = 104857600                                 {product} {command line}
   size_t MaxHeapSize                              = 1073741824                                {product} {command line}
   size_t MaxNewSize                               = 357564416                                 {product} {ergonomic}
   size_t MinHeapDeltaBytes                        = 524288                                    {product} {ergonomic}
   size_t MinHeapSize                              = 104857600                                 {product} {command line}
   size_t NewSize                                  = 34603008                                  {product} {ergonomic}
    uintx NonNMethodCodeHeapSize                   = 5832780                                {pd product} {ergonomic}
    uintx NonProfiledCodeHeapSize                  = 122912730                              {pd product} {ergonomic}
   size_t OldSize                                  = 70254592                                  {product} {ergonomic}
    uintx ProfiledCodeHeapSize                     = 122912730                              {pd product} {ergonomic}
    uintx ReservedCodeCacheSize                    = 251658240                              {pd product} {ergonomic}
     bool SegmentedCodeCache                       = true                                      {product} {ergonomic}
   size_t SoftMaxHeapSize                          = 1073741824                             {manageable} {ergonomic}
     bool UseCompressedClassPointers               = true                           {product lp64_product} {ergonomic}
     bool UseCompressedOops                        = true                           {product lp64_product} {ergonomic}
     bool UseLargePagesIndividualAllocation        = false                                  {pd product} {ergonomic}
     bool UseParallelGC                            = true                                      {product} {command line}

Logging:
Log output configuration:
 #0: stdout all=off uptime,level,tags
 #1: stderr all=off uptime,level,tags

Environment Variables:
JAVA_HOME=C:\Users\bding\AppData\Local\Programs\Eclipse Adoptium\jdk-17.0.7.7-hotspot\
PATH=C:\Python311\Scripts\;C:\Python311\;C:\WINDOWS\system32;C:\WINDOWS;C:\WINDOWS\System32\Wbem;C:\WINDOWS\System32\WindowsPowerShell\v1.0\;C:\WINDOWS\System32\OpenSSH\;C:\Program Files\PuTTY\;C:\Program Files\Microsoft SQL Server\150\Tools\Binn\;C:\Program Files\dotnet\;C:\Program Files\nodejs\;C:\ProgramData\chocolatey\bin;C:\Users\bding\AppData\Local\Programs\Python\Python311\Scripts\;C:\Users\bding\AppData\Local\Programs\Python\Python311\;C:\Users\bding\AppData\Local\Programs\Eclipse Adoptium\jdk-17.0.7.7-hotspot\bin;C:\Users\bding\AppData\Local\Microsoft\WindowsApps;C:\Users\bding\AppData\Local\Programs\Microsoft VS Code\bin;C:\Users\bding\AppData\Local\Programs\Git\cmd;C:\Users\bding\AppData\Roaming\npm
USERNAME=bding
OS=Windows_NT
PROCESSOR_IDENTIFIER=Intel64 Family 6 Model 85 Stepping 7, GenuineIntel
TMP=C:\Users\bding\AppData\Local\Temp
TEMP=C:\Users\bding\AppData\Local\Temp



---------------  S Y S T E M  ---------------

OS:
 Windows 10 , 64 bit Build 19041 (10.0.19041.3155)
OS uptime: 1 days 5:49 hours
VMWare virtualization detected

CPU: total 4 (initial active 4) (4 cores per cpu, 1 threads per core) family 6 model 85 stepping 7 microcode 0x5003302, cx8, cmov, fxsr, mmx, 3dnowpref, sse, sse2, sse3, ssse3, sse4.1, sse4.2, popcnt, lzcnt, tsc, tscinvbit, avx, avx2, aes, erms, clmul, bmi1, bmi2, adx, avx512f, avx512dq, avx512cd, avx512bw, avx512vl, fma, vzeroupper, avx512_vnni, clflush, clflushopt, clwb, hv

Memory: 4k page, system-wide physical 8191M (422M free)
TotalPageFile size 18352M (AvailPageFile size 1M)
current process WorkingSet (physical memory assigned to process): 204M, peak: 225M
current process commit charge ("private bytes"): 267M, peak: 293M

vm_info: OpenJDK 64-Bit Server VM (17.0.7+7) for windows-amd64 JRE (17.0.7+7), built on Apr 18 2023 22:10:42 by "temurin" with MS VC++ 16.7 (VS2019)

END.
